build/app/intermediates/manifest_merge_blame_file/release/manifest-merger-blame-release-report.txt
1<?xml version="1.0" encoding="utf-8"?>
2<manifest xmlns:android="http://schemas.android.com/apk/res/android"
3    package="com.app.ndua"
4    android:versionCode="1"
5    android:versionName="1.0.0" >
6
7    <uses-sdk
8        android:minSdkVersion="16"
8-->src/main/AndroidManifest.xml
9        android:targetSdkVersion="30" />
9-->src/main/AndroidManifest.xml
10
11    <queries>
11-->src/main/AndroidManifest.xml:43:3-64:13
12
13        <!-- If your app opens https URLs -->
14        <intent>
14-->src/main/AndroidManifest.xml:45:5-48:14
15            <action android:name="android.intent.action.VIEW" />
15-->src/main/AndroidManifest.xml:46:7-59
15-->src/main/AndroidManifest.xml:46:15-56
16
17            <data android:scheme="https" />
17-->src/main/AndroidManifest.xml:47:7-38
17-->src/main/AndroidManifest.xml:47:13-35
18        </intent>
19        <!-- If your app makes calls -->
20        <!--
21      <intent>
22        <action android:name="android.intent.action.DIAL" />
23        <data android:scheme="tel" />
24      </intent>
25        -->
26        <!-- If your sends SMS messages -->
27        <!--
28      <intent>
29        <action android:name="android.intent.action.SENDTO" />
30        <data android:scheme="smsto" />
31      </intent>
32        -->
33        <!-- If your app sends emails -->
34        <!--
35      <intent>
36        <action android:name="android.intent.action.SEND" />
37        <data android:mimeType="*/*" />
38      </intent>
39        -->
40    </queries>
41
42    <application
42-->src/main/AndroidManifest.xml:3:3-41:17
43        android:appComponentFactory="androidx.core.app.CoreComponentFactory"
43-->[androidx.core:core:1.1.0] AndroidManifest.xml:24:18-86
44        android:icon="@mipmap/icon_blue"
44-->src/main/AndroidManifest.xml:5:5-37
45        android:label="NDUA" >
45-->src/main/AndroidManifest.xml:4:5-25
46        <activity
46-->src/main/AndroidManifest.xml:6:5-35:16
47            android:name="com.app.ndua.MainActivity"
47-->src/main/AndroidManifest.xml:7:9-37
48            android:configChanges="orientation|keyboardHidden|keyboard|screenSize|smallestScreenSize|locale|layoutDirection|fontScale|screenLayout|density|uiMode"
48-->src/main/AndroidManifest.xml:10:9-159
49            android:hardwareAccelerated="true"
49-->src/main/AndroidManifest.xml:11:9-43
50            android:launchMode="singleTop"
50-->src/main/AndroidManifest.xml:8:9-39
51            android:screenOrientation="portrait"
51-->src/main/AndroidManifest.xml:12:9-45
52            android:theme="@style/LaunchTheme"
52-->src/main/AndroidManifest.xml:9:9-43
53            android:windowSoftInputMode="adjustResize" >
53-->src/main/AndroidManifest.xml:13:9-51
54
55            <!--
56             Specifies an Android theme to apply to this Activity as soon as
57              the Android process has started. This theme is visible to the user
58              while the Flutter UI initializes. After that, this theme continues
59              to determine the Window background behind the Flutter UI.
60            -->
61            <meta-data
61-->src/main/AndroidManifest.xml:18:9-21:13
62                android:name="io.flutter.embedding.android.NormalTheme"
62-->src/main/AndroidManifest.xml:19:11-66
63                android:resource="@style/NormalTheme" />
63-->src/main/AndroidManifest.xml:20:11-48
64            <!--
65             Displays an Android View that continues showing the launch screen
66              Drawable until Flutter paints its first frame, then this splash
67              screen fades out. A splash screen is useful to avoid any visual
68              gap between the end of Android's launch screen and the painting of
69              Flutter's first frame.
70            -->
71            <meta-data
71-->src/main/AndroidManifest.xml:27:9-30:13
72                android:name="io.flutter.embedding.android.SplashScreenDrawable"
72-->src/main/AndroidManifest.xml:28:11-75
73                android:resource="@drawable/launch_background" />
73-->src/main/AndroidManifest.xml:29:11-57
74
75            <intent-filter>
75-->src/main/AndroidManifest.xml:31:9-34:25
76                <action android:name="android.intent.action.MAIN" />
76-->src/main/AndroidManifest.xml:32:13-64
76-->src/main/AndroidManifest.xml:32:21-62
77
78                <category android:name="android.intent.category.LAUNCHER" />
78-->src/main/AndroidManifest.xml:33:13-72
78-->src/main/AndroidManifest.xml:33:23-70
79            </intent-filter>
80        </activity>
81        <!--
82         Don't delete the meta-data below.
83          This is used by the Flutter tool to generate GeneratedPluginRegistrant.java
84        -->
85        <meta-data
85-->src/main/AndroidManifest.xml:38:5-40:33
86            android:name="flutterEmbedding"
86-->src/main/AndroidManifest.xml:39:13-44
87            android:value="2" />
87-->src/main/AndroidManifest.xml:40:13-30
88
89        <activity
89-->[:url_launcher] AndroidManifest.xml:8:9-11:74
90            android:name="io.flutter.plugins.urllauncher.WebViewActivity"
90-->[:url_launcher] AndroidManifest.xml:9:13-74
91            android:exported="false"
91-->[:url_launcher] AndroidManifest.xml:10:13-37
92            android:theme="@android:style/Theme.NoTitleBar.Fullscreen" />
92-->[:url_launcher] AndroidManifest.xml:11:13-71
93    </application>
94
95</manifest>